Build started 2013-01-25 22:15:50.
     1>Project "C:\GameJam13\silence\silence\silence.vcxproj" on node 2 (build target(s)).
     1>InitializeBuildStatus:
         Touching "Debug\silence.unsuccessfulbuild".
       ClCompile:
         c:\Program Files (x86)\Microsoft Visual Studio 10.0\VC\bin\CL.exe /c /I"C:\GameJam13\SFML-2.0-rc\include" /ZI /nologo /W3 /WX- /Od /Oy- /D WIN32 /D _DEBUG /D _CONSOLE /D _UNICODE /D UNICODE /Gm /EHsc /RTC1 /MDd /GS /fp:precise /Zc:wchar_t /Zc:forScope /Fo"Debug\\" /Fd"Debug\vc100.pdb" /Gd /TP /analyze- /errorReport:prompt Animation.cpp Camera.cpp Entity.cpp Player.cpp ResourceManager.cpp
         ResourceManager.cpp
         Player.cpp
     1>c:\gamejam13\silence\silence\player.cpp(5): error C2512: 'Animation' : no appropriate default constructor available
     1>c:\gamejam13\silence\silence\player.cpp(12): error C2248: 'Animation::~Animation' : cannot access private member declared in class 'Animation'
                 c:\gamejam13\silence\silence\animation.h(10) : see declaration of 'Animation::~Animation'
                 c:\gamejam13\silence\silence\animation.h(7) : see declaration of 'Animation'
         Entity.cpp
         Animation.cpp
     1>c:\gamejam13\silence\silence\animation.cpp(4): error C3646: 'mSprite' : unknown override specifier
     1>c:\gamejam13\silence\silence\animation.cpp(5): error C2091: function returns function
         Generating Code...
         Skipping... (no relevant changes detected)
         Camera.cpp
     1>Done Building Project "C:\GameJam13\silence\silence\silence.vcxproj" (build target(s)) -- FAILED.

Build FAILED.

Time Elapsed 00:00:01.70
